{
  "RSpec": {
    "coverage": {
      "/Users/student/Projects/katas/find_duplicates/spec/find_duplicates_spec.rb": {
        "lines": [
          1,
          null,
          1,
          1,
          1,
          1,
          null,
          null,
          1,
          1,
          1,
          null,
          null
        ]
      },
      "/Users/student/Projects/katas/find_duplicates/lib/find_duplicates.rb": {
        "lines": [
          1,
          null,
          2,
          null,
          2,
          2,
          null,
          2,
          null,
          null,
          21,
          null,
          21,
          null,
          21,
          null,
          21,
          null,
          5,
          null,
          null,
          21,
          null,
          null,
          2,
          null
        ]
      }
    },
    "timestamp": 1597334867
  }
}
