{
  "RSpec": {
    "coverage": {
      "/Users/student/Projects/katas/guess_the_number/spec/guess_the_number_spec.rb": {
        "lines": [
          1,
          null,
          1,
          5,
          null,
          1,
          1,
          1,
          null,
          null,
          1,
          1,
          null,
          null,
          1,
          1,
          1,
          null,
          null,
          1,
          1,
          1,
          2,
          null,
          null,
          null
        ]
      },
      "/Users/student/Projects/katas/guess_the_number/lib/guess_the_number.rb": {
        "lines": [
          1,
          1,
          null,
          1,
          4,
          4,
          null,
          null,
          1,
          6,
          null,
          5,
          1,
          null,
          4,
          4,
          null,
          null,
          null
        ]
      }
    },
    "timestamp": 1597655820
  }
}
