{
  "RSpec": {
    "coverage": {
      "/Users/student/Library/Mobile Documents/com~apple~CloudDocs/Projects/katas/find_next_perfect_square/spec/next_perfect_square_spec.rb": {
        "lines": [
          1,
          null,
          1,
          1,
          1,
          null,
          null,
          1,
          1,
          null,
          null
        ]
      },
      "/Users/student/Library/Mobile Documents/com~apple~CloudDocs/Projects/katas/find_next_perfect_square/lib/next_perfect_square.rb": {
        "lines": [
          1,
          2,
          2,
          null,
          2,
          1,
          null,
          1,
          null,
          null
        ]
      }
    },
    "timestamp": 1598460493
  }
}
