{
  "RSpec": {
    "coverage": {
      "/Users/student/Library/Mobile Documents/com~apple~CloudDocs/Projects/katas/who_likes_it/spec/who_likes_it_spec.rb": {
        "lines": [
          1,
          null,
          1,
          1,
          1,
          null,
          null,
          1,
          1,
          null,
          null,
          1,
          1,
          null,
          null,
          1,
          1,
          null,
          null,
          1,
          1,
          null,
          null
        ]
      },
      "/Users/student/Library/Mobile Documents/com~apple~CloudDocs/Projects/katas/who_likes_it/lib/who_likes_it.rb": {
        "lines": [
          1,
          null,
          6,
          1,
          1,
          1,
          1,
          null,
          null
        ]
      }
    },
    "timestamp": 1600680131
  }
}
