{
  "RSpec": {
    "coverage": {
      "/Users/student/Library/Mobile Documents/com~apple~CloudDocs/Projects/katas/playing_with_digits/spec/playing_with_digits_spec.rb": {
        "lines": [
          1,
          null,
          1,
          1,
          1,
          null,
          null,
          1,
          1,
          null,
          null,
          1,
          1,
          null,
          null
        ]
      },
      "/Users/student/Library/Mobile Documents/com~apple~CloudDocs/Projects/katas/playing_with_digits/lib/playing_with_digits.rb": {
        "lines": [
          1,
          3,
          3,
          3,
          9,
          9,
          null,
          3,
          3,
          null
        ]
      }
    },
    "timestamp": 1600450560
  }
}
