{
  "RSpec": {
    "coverage": {
      "/Users/student/Library/Mobile Documents/com~apple~CloudDocs/Projects/katas/rectangle_into_squares/spec/rect_into_sq_spec.rb": {
        "lines": [
          1,
          null,
          1,
          1,
          1,
          null,
          null,
          1,
          1,
          null,
          null,
          1,
          1,
          null,
          null,
          1,
          1,
          null,
          null
        ]
      },
      "/Users/student/Library/Mobile Documents/com~apple~CloudDocs/Projects/katas/rectangle_into_squares/lib/rect_into_sq.rb": {
        "lines": [
          1,
          4,
          null,
          3,
          3,
          11,
          11,
          11,
          11,
          11,
          null,
          3,
          null
        ]
      }
    },
    "timestamp": 1600959701
  }
}
