{
  "RSpec": {
    "coverage": {
      "/Users/student/Projects/katas/is_infinite_process/spec/is_infinite_process_spec.rb": {
        "lines": [
          1,
          null,
          1,
          1,
          1,
          null,
          null,
          1,
          1,
          null,
          null,
          1,
          1,
          null,
          null
        ]
      },
      "/Users/student/Projects/katas/is_infinite_process/lib/is_infinite_process.rb": {
        "lines": [
          1,
          3,
          1,
          null,
          2,
          null,
          null
        ]
      }
    },
    "timestamp": 1597675041
  }
}
