{
  "RSpec": {
    "coverage": {
      "/Users/student/Library/Mobile Documents/com~apple~CloudDocs/Projects/katas/find_the_parity_outlier/spec/find_outlier_spec.rb": {
        "lines": [
          1,
          null,
          1,
          1,
          1,
          1,
          null,
          null,
          1,
          1,
          1,
          null,
          null
        ]
      },
      "/Users/student/Library/Mobile Documents/com~apple~CloudDocs/Projects/katas/find_the_parity_outlier/lib/find_outlier.rb": {
        "lines": [
          1,
          2,
          2,
          2,
          15,
          8,
          null,
          7,
          null,
          null,
          2,
          null
        ]
      }
    },
    "timestamp": 1600075698
  }
}
