{
  "RSpec": {
    "coverage": {
      "/Users/student/Projects/katas/class_conundrum/spec/class_conundrum_spec.rb": {
        "lines": [
          1,
          null,
          1,
          4,
          null,
          1,
          1,
          1,
          null,
          null,
          1,
          1,
          1,
          null,
          null,
          1,
          1,
          null,
          null,
          null
        ]
      },
      "/Users/student/Projects/katas/class_conundrum/lib/class_conundrum.rb": {
        "lines": [
          1,
          1,
          1,
          3,
          3,
          3,
          3,
          null,
          null,
          1,
          5,
          4,
          4,
          4,
          null,
          null
        ]
      }
    },
    "timestamp": 1597417974
  }
}
