{
  "RSpec": {
    "coverage": {
      "/Users/student/Projects/katas/define_a_card_suit/spec/define_suit_spec.rb": {
        "lines": [
          1,
          null,
          1,
          1,
          1,
          null,
          null,
          1,
          1,
          null,
          null,
          1,
          1,
          null,
          null,
          1,
          1,
          null,
          null
        ]
      },
      "/Users/student/Projects/katas/define_a_card_suit/lib/define_suit.rb": {
        "lines": [
          1,
          null,
          null,
          null,
          null,
          1,
          4,
          4,
          1,
          1,
          1,
          1,
          null,
          null
        ]
      }
    },
    "timestamp": 1597767470
  }
}
