{
  "RSpec": {
    "coverage": {
      "/Users/student/Library/Mobile Documents/com~apple~CloudDocs/Projects/katas/algorithmic_predicament/spec/algorithmic_predicament_spec.rb": {
        "lines": [
          1,
          null,
          1,
          1,
          1,
          1,
          1,
          null,
          null,
          1,
          1,
          1,
          1,
          null,
          null
        ]
      },
      "/Users/student/Library/Mobile Documents/com~apple~CloudDocs/Projects/katas/algorithmic_predicament/lib/algorithmic_predicament.rb": {
        "lines": [
          1,
          2,
          2,
          2,
          10,
          10,
          6,
          6,
          null,
          null,
          8,
          null
        ]
      }
    },
    "timestamp": 1598451810
  }
}
