{
  "RSpec": {
    "coverage": {
      "/Users/student/Library/Mobile Documents/com~apple~CloudDocs/Projects/katas/tribonacci_sequence/spec/tribonacci_spec.rb": {
        "lines": [
          1,
          null,
          1,
          1,
          1,
          null,
          null,
          1,
          1,
          null,
          null,
          1,
          1,
          null,
          null
        ]
      },
      "/Users/student/Library/Mobile Documents/com~apple~CloudDocs/Projects/katas/tribonacci_sequence/lib/tribonacci.rb": {
        "lines": [
          1,
          3,
          null,
          2,
          16,
          null,
          2,
          null
        ]
      }
    },
    "timestamp": 1600782971
  }
}
