{
  "RSpec": {
    "coverage": {
      "/Users/student/Library/Mobile Documents/com~apple~CloudDocs/Projects/katas/unique_in_order/spec/unique_in_order_spec.rb": {
        "lines": [
          1,
          null,
          1,
          1,
          1,
          null,
          null,
          1,
          1,
          null,
          null,
          1,
          1,
          null,
          null
        ]
      },
      "/Users/student/Library/Mobile Documents/com~apple~CloudDocs/Projects/katas/unique_in_order/lib/unique_in_order.rb": {
        "lines": [
          1,
          3,
          2,
          null,
          3,
          null
        ]
      }
    },
    "timestamp": 1600362249
  }
}
