{
  "RSpec": {
    "coverage": {
      "/Users/student/Library/Mobile Documents/com~apple~CloudDocs/Projects/katas/bit_counting/spec/bit_counting_spec.rb": {
        "lines": [
          1,
          null,
          1,
          1,
          1,
          null,
          null,
          1,
          1,
          null,
          null,
          1,
          1,
          null,
          null,
          1,
          1,
          null,
          null
        ]
      },
      "/Users/student/Library/Mobile Documents/com~apple~CloudDocs/Projects/katas/bit_counting/lib/bit_counting.rb": {
        "lines": [
          1,
          4,
          null
        ]
      }
    },
    "timestamp": 1599143712
  }
}
