{
  "RSpec": {
    "coverage": {
      "/Users/student/Projects/katas/regexp_basics/spec/regexp_basics_spec.rb": {
        "lines": [
          1,
          null,
          1,
          1,
          1,
          1,
          null,
          null,
          1,
          1,
          null,
          null,
          1,
          1,
          null,
          null,
          1,
          1,
          null,
          null,
          null
        ]
      },
      "/Users/student/Projects/katas/regexp_basics/lib/regexp_basics.rb": {
        "lines": [
          1,
          1,
          4,
          null,
          null
        ]
      }
    },
    "timestamp": 1597510467
  }
}
