{
  "RSpec": {
    "coverage": {
      "/Users/student/Library/Mobile Documents/com~apple~CloudDocs/Projects/katas/unexpected_parsing/spec/unexpected_parsing_spec.rb": {
        "lines": [
          1,
          null,
          1,
          1,
          1,
          null,
          null,
          1,
          1,
          null,
          null
        ]
      },
      "/Users/student/Library/Mobile Documents/com~apple~CloudDocs/Projects/katas/unexpected_parsing/lib/unexpected_parsing.rb": {
        "lines": [
          1,
          2,
          null
        ]
      }
    },
    "timestamp": 1598454818
  }
}
